\BOOKMARK [1][-]{section.1}{\376\377\000A\000b\000s\000t\000r\000a\000c\000t}{}% 1
\BOOKMARK [1][-]{section.2}{\376\377\000I\000n\000t\000r\000o\000d\000u\000c\000t\000i\000o\000n}{}% 2
\BOOKMARK [2][-]{subsection.2.1}{\376\377\274\224\307\004\306\100\000\040\272\251\324\134}{section.2}% 3
\BOOKMARK [2][-]{subsection.2.2}{\376\377\307\220\270\314\000\040\301\040\310\025\000\040\256\060\311\000\254\374\000\040\302\334\254\004\000\040\314\075}{section.2}% 4
\BOOKMARK [2][-]{subsection.2.3}{\376\377\325\165\302\354\000\040\254\034\261\120\000:\000\040\000A\000I\000\040\000d\000i\000f\000f\000u\000s\000i\000o\000n\307\130\000\040\307\130\273\370\306\100\000\040\316\041\310\025\000\040\325\004\270\010\307\204}{section.2}% 5
\BOOKMARK [1][-]{section.3}{\376\377\000Y\000e\000a\000r\000\040\000i\000n\000\040\000R\000e\000v\000i\000e\000w}{}% 6
\BOOKMARK [2][-]{subsection.3.1}{\376\377\325\130\307\164\267\174\307\164\322\270\000\040\0001\000:\000\040\310\004\000\040\301\070\254\304\000\040\300\254\306\251\307\100\000\040\262\230\305\310\311\300\271\314\000,\000\040\040\034\0001\000/\0006\040\035\307\130\000\040\302\334\263\000\262\224\000\040\305\354\310\004\327\210\000\040\275\210\255\340\264\361\325\130\254\214\000\040\305\364\271\260\262\344}{section.3}% 7
\BOOKMARK [2][-]{subsection.3.2}{\376\377\325\130\307\164\267\174\307\164\322\270\000\040\0002\000:\000\040\000G\000l\000o\000b\000a\000l\000\040\000N\000o\000r\000t\000h\040\023\000S\000o\000u\000t\000h\000\040\254\251\314\050\262\224\000\040\315\225\301\214\254\000\000\040\305\104\262\310\267\174\000\040\326\125\263\000\000\050\0009\000.\0008\000\045\000p\041\222\0001\0000\000.\0006\000\045\000p\000\051}{section.3}% 8
\BOOKMARK [2][-]{subsection.3.3}{\376\377\325\130\307\164\267\174\307\164\322\270\000\040\0003\000:\000\040\300\301\307\004\255\214\000\040\255\155\254\000\262\224\000\040\040\030\305\110\310\025\310\001\040\031\307\164\272\160\000,\000\040\310\160\256\060\000\040\307\170\325\004\267\174\000\040\322\054\307\220\254\000\000\040\254\304\301\215\000\040\274\364\300\301\307\104\000\040\274\033\262\224\262\344}{section.3}% 9
\BOOKMARK [2][-]{subsection.3.4}{\376\377\325\130\307\164\267\174\307\164\322\270\000\040\0004\000:\000\040\273\370\255\155\307\130\000\040\305\355\301\044\000\050\254\025\325\134\000\040\326\001\302\340\000\040\271\254\263\124\302\355\307\164\000\040\040\030\261\222\307\100\000\040\300\254\306\251\000\040\276\104\311\021\040\031\307\104\000\040\307\220\263\331\000\040\274\364\307\245\325\130\311\300\000\040\305\112\262\224\262\344\000\051}{section.3}% 10
\BOOKMARK [2][-]{subsection.3.5}{\376\377\325\130\307\164\267\174\307\164\322\270\000\040\0005\000:\000\040\325\134\255\155\307\130\000\040\256\011\300\301\302\271\307\100\000\040\040\030\310\025\314\105\040\023\305\270\305\264\000\040\301\061\262\245\040\023\301\214\276\104\307\220\000\040\256\060\262\245\040\031\307\130\000\040\254\260\325\151\307\074\270\134\000\040\301\044\272\205\264\034\262\344}{section.3}% 11
\BOOKMARK [2][-]{subsection.3.6}{\376\377\325\130\307\164\267\174\307\164\322\270\000\040\0006\000:\000\040\000D\000e\000e\000p\000S\000e\000e\000k\307\130\000\040\275\200\300\301\307\100\000\040\040\030\310\021\255\374\301\061\040\031\307\164\000\040\326\125\300\260\307\130\000\040\311\300\326\025\307\104\000\040\262\344\302\334\000\040\255\370\271\264\000\040\302\030\000\040\307\210\307\114\307\104\000\040\274\364\305\354\311\000\262\344}{section.3}% 12
\BOOKMARK [1][-]{section.4}{\376\377\000C\000r\000o\000s\000s\000-\000C\000u\000t\000t\000i\000n\000g\000\040\000T\000h\000e\000m\000e\000s}{}% 13
\BOOKMARK [2][-]{subsection.4.1}{\376\377\321\114\271\310\000\040\0001\000:\000\040\326\125\300\260\000\050\000a\000d\000o\000p\000t\000i\000o\000n\000\051\307\100\000\040\301\061\262\245\307\130\000\040\325\150\302\030\307\164\272\164\301\034\000,\000\040\263\331\302\334\305\320\000\040\310\034\263\304\307\130\000\040\325\150\302\030\262\344}{section.4}% 14
\BOOKMARK [2][-]{subsection.4.2}{\376\377\321\114\271\310\000\040\0002\000:\000\040\302\340\270\260\000\050\000t\000r\000u\000s\000t\000\051\262\224\000\040\040\030\300\254\306\251\271\140\040\031\307\130\000\040\302\050\307\100\000\040\254\000\301\215\000\040\323\230\262\354\270\134\000\040\262\344\271\004\311\304\262\344}{section.4}% 15
\BOOKMARK [2][-]{subsection.4.3}{\376\377\321\114\271\310\000\040\0003\000:\000\040\040\030\310\021\255\374\301\061\040\031\307\100\000\040\256\060\302\040\000\040\326\125\300\260\307\130\000\040\311\300\271\254\310\001\000\040\254\275\270\134\271\174\000\040\274\024\257\274\262\344}{section.4}% 16
\BOOKMARK [2][-]{subsection.4.4}{\376\377\321\114\271\310\000\040\0004\000:\000\040\300\301\307\004\255\214\307\130\000\040\254\340\314\051\254\374\000\040\040\030\254\251\314\050\307\130\000\040\255\000\301\061\040\031}{section.4}% 17
\BOOKMARK [1][-]{section.5}{\376\377\000O\000u\000t\000s\000t\000a\000n\000d\000i\000n\000g\000\040\000Q\000u\000e\000s\000t\000i\000o\000n\000s}{}% 18
\BOOKMARK [2][-]{subsection.5.1}{\376\377\311\310\273\070\000\040\0001\000:\000\040\321\124\270\010\272\124\322\270\271\254\000\040\256\060\274\030\000\040\311\300\324\134\254\000\000\040\040\030\302\344\310\034\000\040\300\254\306\251\040\031\307\130\000\040\305\264\265\244\000\040\275\200\275\204\307\104\000\040\261\223\316\140\000\040\302\030\000\040\307\210\262\224\254\000}{section.5}% 19
\BOOKMARK [2][-]{subsection.5.2}{\376\377\311\310\273\070\000\040\0002\000:\000\040\040\030\000G\000l\000o\000b\000a\000l\000\040\000N\000o\000r\000t\000h\000/\000G\000l\000o\000b\000a\000l\000\040\000S\000o\000u\000t\000h\040\031\000\040\255\154\275\204\307\164\000\040\301\044\272\205\325\130\262\224\000\040\254\203\254\374\000\040\302\050\256\060\262\224\000\040\254\203}{section.5}% 20
\BOOKMARK [2][-]{subsection.5.3}{\376\377\311\310\273\070\000\040\0003\000:\000\040\325\134\255\155\000\040\300\254\270\100\307\130\000\040\307\174\274\030\326\124\000\040\254\000\262\245\301\061\000\050\305\270\305\264\000\040\301\061\262\245\000\040\254\034\301\040\307\164\000\040\325\155\300\301\000\040\040\030\263\000\311\021\000\040\326\125\300\260\040\031\307\074\270\134\000\040\307\164\305\264\311\300\262\224\254\000\000\051}{section.5}% 21
\BOOKMARK [2][-]{subsection.5.4}{\376\377\311\310\273\070\000\040\0004\000:\000\040\000D\000e\000e\000p\000S\000e\000e\000k\000\040\326\125\300\260\307\130\000\040\254\304\267\311\310\001\000\040\255\374\254\160\306\100\000\040\305\110\310\004\301\061\307\130\000\040\256\064\307\245}{section.5}% 22
\BOOKMARK [1][-]{section.6}{\376\377\000F\000u\000t\000u\000r\000e\000\040\000D\000i\000r\000e\000c\000t\000i\000o\000n\000s}{}% 23
\BOOKMARK [2][-]{subsection.6.1}{\376\377\274\051\325\245\000\040\0001\000:\000\040\326\125\300\260\000\040\311\300\324\134\307\130\000\040\262\344\316\065\326\124\000\050\000s\000h\000a\000r\000e\305\320\301\034\000\040\000d\000e\000p\000t\000h\270\134\000\051}{section.6}% 24
\BOOKMARK [2][-]{subsection.6.2}{\376\377\274\051\325\245\000\040\0002\000:\000\040\040\030\254\251\314\050\000\040\315\225\301\214\040\031\262\224\000\040\274\364\256\011\271\140\271\314\307\164\000\040\305\104\262\310\267\174\000\040\254\260\310\034\000t\000o\000.\0007\000e\000m\000\267\310\021\255\374\000t\000o\000.\0007\000e\000m\000\267\302\340\270\260\000\040\307\170\325\004\267\174\307\130\000\040\273\070\310\034\270\134\000\040\262\344\271\004\310\070\305\174\000\040\325\134\262\344}{section.6}% 25
\BOOKMARK [2][-]{subsection.6.3}{\376\377\274\051\325\245\000\040\0003\000:\000\040\255\155\254\000\000\040\310\004\267\265\307\100\000\040\040\030\272\250\263\170\000\040\254\034\274\034\040\031\254\374\000\040\040\030\263\000\311\021\000\040\314\104\320\335\040\031\307\130\000\040\275\204\305\305\307\104\000\040\310\004\310\034\270\134\000\040\262\344\302\334\000\040\301\044\254\304\264\040\000\040\302\030\000\040\307\210\262\344}{section.6}% 26
\BOOKMARK [2][-]{subsection.6.4}{\376\377\274\051\325\245\000\040\0004\000:\000\040\306\044\325\010\301\214\302\244\000\040\326\125\300\260\307\104\000\040\264\130\267\354\302\374\000\040\254\160\274\204\261\014\302\244\000\040\302\344\325\330\000\050\305\110\310\004\000,\000\040\324\134\311\000\000,\000\040\314\105\307\204\307\130\000\040\307\254\274\060\316\130\000\051}{section.6}% 27
\BOOKMARK [1][-]{section.7}{\376\377\000A\000p\000p\000e\000n\000d\000i\000x}{}% 28
\BOOKMARK [2][-]{subsection.7.1}{\376\377\000A\000.\000\040\274\370\000\040\271\254\275\360\305\320\301\034\000\040\326\134\306\251\325\134\000\040\325\165\302\354\000\040\302\030\316\130\000\050\274\364\254\340\301\034\000\040\306\320\273\070\000\040\307\170\306\251\000\051}{section.7}% 29
\BOOKMARK [2][-]{subsection.7.2}{\376\377\000B\000.\000\040\263\304\324\134\000\050\321\115\302\244\322\270\000\040\315\224\315\234\274\370\000\040\256\060\311\000\000\051\270\134\000\040\326\125\307\170\264\030\262\224\000\040\040\030\255\370\271\274\000\040\263\000\306\251\040\031\000\040\255\374\254\160}{section.7}% 30
