\BOOKMARK [1][-]{section.1}{\376\377\000A\000b\000s\000t\000r\000a\000c\000t}{}% 1
\BOOKMARK [1][-]{section.2}{\376\377\000I\000n\000t\000r\000o\000d\000u\000c\000t\000i\000o\000n}{}% 2
\BOOKMARK [1][-]{section.3}{\376\377\000W\000i\000l\000d\000S\000c\000i}{}% 3
\BOOKMARK [2][-]{subsection.3.1}{\376\377\310\025\307\130\000\040\274\017\000\040\255\154\301\061\306\224\301\214}{section.3}% 4
\BOOKMARK [3][-]{subsubsection.3.1.1}{\376\377\263\160\307\164\321\060\000\050\274\244\316\130\271\310\320\154\000\051\000\040\315\225}{subsection.3.1}% 5
\BOOKMARK [3][-]{subsubsection.3.1.2}{\376\377\320\334\302\244\320\154\000\050\306\010\316\041\000\040\272\251\324\134\000\051\000\040\315\225}{subsection.3.1}% 6
\BOOKMARK [3][-]{subsubsection.3.1.3}{\376\377\267\174\274\250\000/\315\234\270\045\000\040\314\264\254\304}{subsection.3.1}% 7
\BOOKMARK [2][-]{subsection.3.2}{\376\377\301\044\254\304\000\040\307\130\263\304\000\040\274\017\000\040\300\254\306\251\000\040\302\334\260\230\271\254\306\044}{section.3}% 8
\BOOKMARK [2][-]{subsection.3.3}{\376\377\314\050\274\304\310\020\000\050\255\374\254\160\000\040\256\060\274\030\000\051}{section.3}% 9
\BOOKMARK [1][-]{section.4}{\376\377\000E\000x\000p\000e\000r\000i\000m\000e\000n\000t\000s}{}% 10
\BOOKMARK [2][-]{subsection.4.1}{\376\377\000P\000a\000p\000e\000r\000\040\000[\0001\000]\000:\000\040\000x\000T\000B\000\040\256\060\274\030\000\040\000H\000T\000S\000\040\325\004\270\134\321\240\317\134\307\130\000\040\263\000\255\334\272\250\000\040\254\200\311\235}{section.4}% 11
\BOOKMARK [3][-]{subsubsection.4.1.1}{\376\377\272\251\310\001\000\040\274\017\000\040\254\000\301\044}{subsection.4.1}% 12
\BOOKMARK [3][-]{subsubsection.4.1.2}{\376\377\276\104\255\120\255\160\000\050\274\051\274\225\000\051}{subsection.4.1}% 13
\BOOKMARK [3][-]{subsubsection.4.1.3}{\376\377\263\305\271\275\000/\310\205\301\215\000\040\274\300\302\030}{subsection.4.1}% 14
\BOOKMARK [3][-]{subsubsection.4.1.4}{\376\377\323\311\254\000\000\040\311\300\324\134}{subsection.4.1}% 15
\BOOKMARK [3][-]{subsubsection.4.1.5}{\376\377\310\010\314\050\000\040\274\017\000\040\321\265\310\034}{subsection.4.1}% 16
\BOOKMARK [2][-]{subsection.4.2}{\376\377\000P\000a\000p\000e\000r\000\040\000[\0002\000]\000:\000\040\000N\000T\000O\000-\000C\000T\000\040\265\024\302\244\320\154\271\275\321\060\000\040\256\060\274\030\000\040\000M\000L\000\040\274\017\000\040\000A\000c\000t\000i\000v\000e\000\040\000L\000e\000a\000r\000n\000i\000n\000g}{section.4}% 17
\BOOKMARK [3][-]{subsubsection.4.2.1}{\376\377\272\251\310\001\000\040\274\017\000\040\254\000\301\044}{subsection.4.2}% 18
\BOOKMARK [3][-]{subsubsection.4.2.2}{\376\377\276\104\255\120\255\160\000\050\272\250\263\170\000/\310\004\267\265\000\051}{subsection.4.2}% 19
\BOOKMARK [3][-]{subsubsection.4.2.3}{\376\377\263\305\271\275\000/\310\205\301\215\000\040\274\300\302\030}{subsection.4.2}% 20
\BOOKMARK [3][-]{subsubsection.4.2.4}{\376\377\323\311\254\000\000\040\311\300\324\134\000\040\274\017\000\040\275\204\325\140}{subsection.4.2}% 21
\BOOKMARK [3][-]{subsubsection.4.2.5}{\376\377\310\010\314\050\000\040\306\224\305\175}{subsection.4.2}% 22
\BOOKMARK [2][-]{subsection.4.3}{\376\377\000P\000a\000p\000e\000r\000\040\000[\0003\000]\000:\000\040\000P\000h\000O\000L\000E\000D\000\040\326\250\307\050\000/\302\030\272\205\000\040\000k\000i\000n\000e\000t\000i\000c\000\040\000m\000o\000d\000e\000l\000i\000n\000g}{section.4}% 23
\BOOKMARK [3][-]{subsubsection.4.3.1}{\376\377\272\251\310\001\000\040\274\017\000\040\254\000\301\044}{subsection.4.3}% 24
\BOOKMARK [3][-]{subsubsection.4.3.2}{\376\377\276\104\255\120\255\160\000\040\274\017\000\040\274\300\302\030}{subsection.4.3}% 25
\BOOKMARK [3][-]{subsubsection.4.3.3}{\376\377\323\311\254\000\000\040\311\300\324\134\000/\300\260\315\234\273\074}{subsection.4.3}% 26
\BOOKMARK [3][-]{subsubsection.4.3.4}{\376\377\310\010\314\050\000\040\306\224\305\175}{subsection.4.3}% 27
\BOOKMARK [1][-]{section.5}{\376\377\000R\000e\000s\000u\000l\000t\000s\000\040\000a\000n\000d\000\040\000A\000n\000a\000l\000y\000s\000i\000s}{}% 28
\BOOKMARK [2][-]{subsection.5.1}{\376\377\0001\000\051\000\040\301\215\263\304\040\023\310\025\326\125\263\304\000\040\254\275\254\304\000\040\310\160\254\164\000:\000\040\000[\0001\000]\307\130\000\040\263\000\255\334\272\250\000\040\274\244\316\130\271\310\320\154\254\000\000\040\310\034\302\334\325\134\000\040\040\030\254\000\262\245\000/\275\210\254\000\262\245\040\031}{section.5}% 29
\BOOKMARK [2][-]{subsection.5.2}{\376\377\0002\000\051\000\040\273\074\271\254\000\040\256\060\274\030\000\040\265\024\302\244\320\154\271\275\321\060\307\130\000\040\305\355\325\140\000:\000\040\000[\0002\000]\254\000\000\040\274\364\305\354\311\000\000\040\301\044\272\205\254\000\262\245\325\134\000\040\310\025\326\125\263\304\000\040\325\245\300\301}{section.5}% 30
\BOOKMARK [2][-]{subsection.5.3}{\376\377\0003\000\051\000\040\300\330\325\014\000-\326\250\307\050\310\001\000\040\320\320\300\311\000:\000\040\000A\000c\000t\000i\000v\000e\000\040\000l\000e\000a\000r\000n\000i\000n\000g\307\130\000\040\326\250\254\374\306\100\000\040\310\160\254\164}{section.5}% 31
\BOOKMARK [2][-]{subsection.5.4}{\376\377\0004\000\051\000\040\000E\000S\000T\271\174\000\040\261\030\305\264\000:\000\040\000[\0003\000]\307\164\000\040\310\034\256\060\325\130\262\224\000\040\263\331\305\355\325\131\310\001\000\040\040\030\325\104\302\030\000\040\325\155\040\031}{section.5}% 32
\BOOKMARK [1][-]{section.6}{\376\377\000L\000i\000m\000i\000t\000a\000t\000i\000o\000n\000s}{}% 33
\BOOKMARK [2][-]{subsection.6.1}{\376\377\260\264\310\001\000\040\320\300\262\371\263\304\000\050\302\344\325\330\000\040\301\044\254\304\000\040\274\017\000\040\276\104\255\120\307\130\000\040\254\365\310\025\301\061\000\051}{section.6}% 34
\BOOKMARK [3][-]{subsubsection.6.1.1}{\376\377\000[\0001\000]\000\040\302\030\311\301\000\040\255\374\300\254\306\100\000\040\325\130\307\164\276\014\271\254\264\334\000\040\325\164\274\000\321\240\262\310\305\110}{subsection.6.1}% 35
\BOOKMARK [3][-]{subsubsection.6.1.2}{\376\377\000[\0002\000]\000\040\272\251\324\134\254\022\000\040\310\025\307\130\307\130\000\040\255\154\301\061\000\040\320\300\262\371\263\304\000\050\302\344\325\330\316\130\000\040\000v\000s\000\040\254\304\300\260\316\130\000\051}{subsection.6.1}% 36
\BOOKMARK [3][-]{subsubsection.6.1.3}{\376\377\000[\0003\000]\000\040\305\320\261\010\311\300\000\040\307\245\274\275\000\040\306\044\314\050\307\130\000\040\311\300\302\030\000\040\311\235\323\355}{subsection.6.1}% 37
\BOOKMARK [2][-]{subsection.6.2}{\376\377\306\170\310\001\000\040\320\300\262\371\263\304\000\050\307\174\274\030\326\124\000\040\254\000\262\245\301\061\000\051}{section.6}% 38
\BOOKMARK [3][-]{subsubsection.6.2.1}{\376\377\000T\000A\000D\000F\000\040\000\040\000P\000h\000O\000L\000E\000D\000\040\310\004\307\164\307\130\000\040\274\224\307\004}{subsection.6.2}% 39
\BOOKMARK [3][-]{subsubsection.6.2.2}{\376\377\263\160\307\164\321\060\301\113\000\040\323\270\325\245\254\374\000\040\326\124\325\131\254\365\254\004\000\040\316\344\274\204\271\254\311\300}{subsection.6.2}% 40
\BOOKMARK [2][-]{subsection.6.3}{\376\377\306\104\326\124\000\040\310\004\267\265\000\050\261\174\273\070\000\040\255\374\254\160\000\040\256\060\274\030\307\074\270\134\000\040\254\000\262\245\325\134\000\040\274\224\307\004\000\051}{section.6}% 41
\BOOKMARK [1][-]{section.7}{\376\377\000C\000o\000n\000c\000l\000u\000s\000i\000o\000n}{}% 42
\BOOKMARK [1][-]{section.8}{\376\377\000E\000x\000p\000e\000r\000i\000m\000e\000n\000t\000\040\000S\000e\000t\000t\000i\000n\000g\000s}{}% 43
\BOOKMARK [2][-]{subsection.8.1}{\376\377\000[\0001\000]\000\040\000x\000T\000B\000\040\256\060\274\030\000\040\000H\000T\000S\000\040\254\304\300\260\000\040\301\044\310\025\000\050\306\224\305\175\000\051}{section.8}% 44
\BOOKMARK [2][-]{subsection.8.2}{\376\377\000[\0002\000]\000\040\265\024\302\244\320\154\271\275\321\060\000/\000M\000L\000/\000A\000L\000\040\301\044\310\025\000\050\306\224\305\175\000\051}{section.8}% 45
\BOOKMARK [2][-]{subsection.8.3}{\376\377\000[\0003\000]\000\040\000k\000i\000n\000e\000t\000i\000c\000\040\000m\000o\000d\000e\000l\000i\000n\000g\000\040\301\044\310\025\000\050\306\224\305\175\000\051}{section.8}% 46
\BOOKMARK [1][-]{section.9}{\376\377\000R\000e\000l\000a\000t\000e\000d\000\040\000W\000o\000r\000k}{}% 47
\BOOKMARK [2][-]{subsection.9.1}{\376\377\310\000\276\104\306\251\000\040\305\354\256\060\300\301\320\334\000\040\306\010\316\041\254\374\000\040\000H\000T\000S\000:\000\040\000[\0001\000]\307\130\000\040\307\004\316\130}{section.9}% 48
\BOOKMARK [2][-]{subsection.9.2}{\376\377\273\074\271\254\000\040\256\060\274\030\000\040\265\024\302\244\320\154\271\275\321\060\306\100\000\040\254\000\301\215\000\040\301\044\254\304\000:\000\040\000[\0002\000]\307\130\000\040\307\004\316\130}{section.9}% 49
\BOOKMARK [2][-]{subsection.9.3}{\376\377\302\334\302\244\321\134\000\040\270\010\274\250\000\050\326\250\307\050\000/\302\030\272\205\000\051\000\040\272\250\263\170\271\301\000:\000\040\000[\0003\000]\307\130\000\040\307\004\316\130}{section.9}% 50
\BOOKMARK [1][-]{section.10}{\376\377\000D\000a\000t\000a\000\040\000Q\000u\000a\000l\000i\000t\000y\000\040\000A\000n\000a\000l\000y\000s\000i\000s}{}% 51
\BOOKMARK [2][-]{subsection.10.1}{\376\377\267\174\274\250\307\130\000\040\307\164\311\310\301\061\000\040\274\017\000\040\316\041\310\025\000\040\310\160\254\164}{section.10}% 52
\BOOKMARK [2][-]{subsection.10.2}{\376\377\254\260\316\041\254\374\000\040\324\134\274\370\000\040\320\154\256\060\000\040\275\210\255\340\326\025}{section.10}% 53
\BOOKMARK [2][-]{subsection.10.3}{\376\377\325\004\270\134\321\240\317\134\000\040\307\040\263\304\000\040\323\270\325\245}{section.10}% 54
\BOOKMARK [1][-]{section.11}{\376\377\000S\000t\000a\000t\000i\000s\000t\000i\000c\000s\000\040\000o\000f\000\040\000S\000u\000b\000d\000o\000m\000a\000i\000n\000s}{}% 55
\BOOKMARK [2][-]{subsection.11.1}{\376\377\000T\000A\000D\000F\000\040\275\204\307\220\000\040\255\154\310\160\000\040\301\034\276\014\263\304\272\124\307\170\000\050\254\034\261\120\310\001\000\051}{section.11}% 56
\BOOKMARK [2][-]{subsection.11.2}{\376\377\307\121\306\251\000\040\311\300\325\245\000\040\301\034\276\014\263\304\272\124\307\170}{section.11}% 57
\BOOKMARK [2][-]{subsection.11.3}{\376\377\274\034\255\021\000\040\272\124\316\344\262\310\311\230\000\040\301\034\276\014\263\304\272\124\307\170\000\050\000T\000A\000D\000F\000\040\000v\000s\000\040\000P\000h\000O\000L\000E\000D\000\051}{section.11}% 58
\BOOKMARK [1][-]{section.12}{\376\377\000D\000i\000f\000f\000e\000r\000e\000n\000t\000\040\000D\000a\000t\000a\000\040\000S\000p\000l\000i\000t\000s}{}% 59
\BOOKMARK [2][-]{subsection.12.1}{\376\377\000[\0002\000]\307\130\000\040\275\204\325\140\000\040\274\017\000\040\274\030\274\365}{section.12}% 60
\BOOKMARK [2][-]{subsection.12.2}{\376\377\000[\0001\000]\307\130\000\040\276\104\255\120\000\040\301\044\310\025\000\050\302\344\325\330\000\040\270\010\323\174\267\360\302\244\000\040\275\200\275\204\311\321\325\151\000\051}{section.12}% 61
\BOOKMARK [2][-]{subsection.12.3}{\376\377\000[\0003\000]\307\130\000\040\254\200\311\235\000\040\301\044\310\025}{section.12}% 62
\BOOKMARK [1][-]{section.13}{\376\377\000D\000o\000m\000a\000i\000n\000-\000S\000p\000e\000c\000i\000f\000i\000c\000\040\000P\000e\000r\000f\000o\000r\000m\000a\000n\000c\000e}{}% 63
\BOOKMARK [2][-]{subsection.13.1}{\376\377\310\000\276\104\306\251\000\040\310\004\307\220\255\154\310\160\000\040\302\244\320\154\271\254\262\335\000\040\301\061\262\245\000\050\000[\0001\000]\000\051}{section.13}% 64
\BOOKMARK [2][-]{subsection.13.2}{\376\377\000E\000S\000T\000\040\306\010\316\041\000\040\301\061\262\245\000\050\000[\0002\000]\000\051}{section.13}% 65
\BOOKMARK [2][-]{subsection.13.3}{\376\377\326\250\307\050\000/\302\030\272\205\000\040\306\010\316\041\000\040\301\061\262\245\000\050\000[\0003\000]\000\051}{section.13}% 66
\BOOKMARK [1][-]{section.14}{\376\377\000P\000o\000s\000t\000-\000s\000a\000t\000u\000r\000a\000t\000i\000o\000n\000\040\000G\000e\000n\000e\000r\000a\000l\000i\000z\000a\000t\000i\000o\000n}{}% 67
\BOOKMARK [2][-]{subsection.14.1}{\376\377\000A\000L\305\320\301\034\307\130\000\040\262\344\305\221\301\061\000/\316\344\274\204\271\254\311\300\00