This is pdfTeX, Version 3.141592653-2.6-1.40.28 (MiKTeX 25.12) (preloaded format=pdflatex 2026.1.12)  14 JAN 2026 21:54
entering extended mode
 restricted \write18 enabled.
 %&-line parsing enabled.
**./report_full_2.tex
(report_full_2.tex
LaTeX2e <2025-11-01>
L3 programming layer <2025-12-29>
(C:\Users\angpa\AppData\Local\Programs\MiKTeX\tex/latex/base\article.cls
Document Class: article 2025/01/22 v1.4n Standard LaTeX document class
(C:\Users\angpa\AppData\Local\Programs\MiKTeX\tex/latex/base\size11.clo
File: size11.clo 2025/01/22 v1.4n Standard LaTeX file (size option)
)
\c@part=\count275
\c@section=\count276
\c@subsection=\count277
\c@subsubsection=\count278
\c@paragraph=\count279
\c@subparagraph=\count280
\c@figure=\count281
\c@table=\count282
\abovecaptionskip=\skip49
\belowcaptionskip=\skip50
\bibindent=\dimen148
)
(C:\Users\angpa\AppData\Local\Programs\MiKTeX\tex/latex/geometry\geometry.sty
Package: geometry 2020/01/02 v5.9 Page Geometry

(C:\Users\angpa\AppData\Local\Programs\MiKTeX\tex/latex/graphics\keyval.sty
Package: keyval 2022/05/29 v1.15 key=value parser (DPC)
\KV@toks@=\toks17
)
(C:\Users\angpa\AppData\Local\Programs\MiKTeX\tex/generic/iftex\ifvtex.sty
Package: ifvtex 2019/10/25 v1.7 ifvtex legacy package. Use iftex instead.

(C:\Users\angpa\AppData\Local\Programs\MiKTeX\tex/generic/iftex\iftex.sty
Package: iftex 2024/12/12 v1.0g TeX engine tests
))
\Gm@cnth=\count283
\Gm@cntv=\count284
\c@Gm@tempcnt=\count285
\Gm@bindingoffset=\dimen149
\Gm@wd@mp=\dimen150
\Gm@odd@mp=\dimen151
\Gm@even@mp=\dimen152
\Gm@layoutwidth=\dimen153
\Gm@layoutheight=\dimen154
\Gm@layouthoffset=\dimen155
\Gm@layoutvoffset=\dimen156
\Gm@dimlist=\toks18

(C:\Users\angpa\AppData\Local\Programs\MiKTeX\tex/latex/geometry\geometry.cfg))
(C:\Users\angpa\AppData\Local\Programs\MiKTeX\tex/latex/hyperref\hyperref.sty
Package: hyperref 2025-07-12 v7.01o Hypertext links for LaTeX

(C:\Users\angpa\AppData\Local\Programs\MiKTeX\tex/latex/kvsetkeys\kvsetkeys.sty
Package: kvsetkeys 2022-10-05 v1.19 Key value parser (HO)
)
(C:\Users\angpa\AppData\Local\Programs\MiKTeX\tex/generic/kvdefinekeys\kvdefine
keys.sty
Package: kvdefinekeys 2019-12-19 v1.6 Define keys (HO)
)
(C:\Users\angpa\AppData\Local\Programs\MiKTeX\tex/generic/pdfescape\pdfescape.s
ty
Package: pdfescape 2019/12/09 v1.15 Implements pdfTeX's escape features (HO)

(C:\Users\angpa\AppData\Local\Programs\MiKTeX\tex/generic/ltxcmds\ltxcmds.sty
Package: ltxcmds 2023-12-04 v1.26 LaTeX kernel commands for general use (HO)
)
(C:\Users\angpa\AppData\Local\Programs\MiKTeX\tex/generic/pdftexcmds\pdftexcmds
.sty
Package: pdftexcmds 2020-06-27 v0.33 Utility functions of pdfTeX for LuaTeX (HO
)

(C:\Users\angpa\AppData\Local\Programs\MiKTeX\tex/generic/infwarerr\infwarerr.s
ty
Package: infwarerr 2019/12/03 v1.5 Providing info/warning/error messages (HO)
)
Package pdftexcmds Info: \pdf@primitive is available.
Package pdftexcmds Info: \pdf@ifprimitive is available.
Package pdftexcmds Info: \pdfdraftmode found.
))
(C:\Users\angpa\AppData\Local\Programs\MiKTeX\tex/latex/hycolor\hycolor.sty
Package: hycolor 2020-01-27 v1.10 Color options for hyperref/bookmark (HO)
)
(C:\Users\angpa\AppData\Local\Programs\MiKTeX\tex/latex/hyperref\nameref.sty
Package: nameref 2025-06-21 v2.57 Cross-referencing by name of section

(C:\Users\angpa\AppData\Local\Programs\MiKTeX\tex/latex/refcount\refcount.sty
Package: refcount 2019/12/15 v3.6 Data extraction from label references (HO)
)
(C:\Users\angpa\AppData\Local\Programs\MiKTeX\tex/generic/gettitlestring\gettit
lestring.sty
Package: gettitlestring 2019/12/15 v1.6 Cleanup title references (HO)

(C:\Users\angpa\AppData\Local\Programs\MiKTeX\tex/latex/kvoptions\kvoptions.sty
Package: kvoptions 2022-06-15 v3.15 Key value format for package options (HO)
))
\c@section@level=\count286
)
(C:\Users\angpa\AppData\Local\Programs\MiKTeX\tex/latex/etoolbox\etoolbox.sty
Package: etoolbox 2025/10/02 v2.5m e-TeX tools for LaTeX (JAW)
\etb@tempcnta=\count287
)
(C:\Users\angpa\AppData\Local\Programs\MiKTeX\tex/generic/stringenc\stringenc.s
ty
Package: stringenc 2019/11/29 v1.12 Convert strings between diff. encodings (HO
)
)
\@linkdim=\dimen157
\Hy@linkcounter=\count288
\Hy@pagecounter=\count289
 (C:\Users\angpa\AppData\Local\Programs\MiKTeX\tex/latex/hyperref\pd1enc.def
File: pd1enc.def 2025-07-12 v7.01o Hyperref: PDFDocEncoding definition (HO)
Now handling font encoding PD1 ...
... no UTF-8 mapping file for font encoding PD1
) (C:\Users\angpa\AppData\Local\Programs\MiKTeX\tex/generic/intcalc\intcalc.sty
Package: intcalc 2019/12/15 v1.3 Expandable calculations with integers (HO)
)
\Hy@SavedSpaceFactor=\count290
 (C:\Users\angpa\AppData\Local\Programs\MiKTeX\tex/latex/hyperref\puenc.def
File: puenc.def 2025-07-12 v7.01o Hyperref: PDF Unicode definition (HO)
Now handling font encoding PU ...
... no UTF-8 mapping file for font encoding PU
)
Package hyperref Info: Hyper figures OFF on input line 4195.
Package hyperref Info: Link nesting OFF on input line 4200.
Package hyperref Info: Hyper index ON on input line 4203.
Package hyperref Info: Plain pages OFF on input line 4210.
Package hyperref Info: Backreferencing OFF on input line 4215.
Package hyperref Info: Implicit mode ON; LaTeX internals redefined.
Package hyperref Info: Bookmarks ON on input line 4462.
\c@Hy@tempcnt=\count291

(C:\Users\angpa\AppData\Local\Programs\MiKTeX\tex/latex/url\url.sty
\Urlmuskip=\muskip17
Package: url 2013/09/16  ver 3.4  Verb mode for urls, etc.
)
LaTeX Info: Redefining \url on input line 4801.
\XeTeXLinkMargin=\dimen158

(C:\Users\angpa\AppData\Local\Programs\MiKTeX\tex/generic/bitset\bitset.sty
Package: bitset 2019/12/09 v1.3 Handle bit-vector datatype (HO)

(C:\Users\angpa\AppData\Local\Programs\MiKTeX\tex/generic/bigintcalc\bigintcalc
.sty
Package: bigintcalc 2019/12/15 v1.5 Expandable calculations on big integers (HO
)
))
\Fld@menulength=\count292
\Field@Width=\dimen159
\Fld@charsize=\dimen160
Package hyperref Info: Hyper figures OFF on input line 6078.
Package hyperref Info: Link nesting OFF on input line 6083.
Package hyperref Info: Hyper index ON on input line 6086.
Package hyperref Info: backreferencing OFF on input line 6093.
Package hyperref Info: Link coloring OFF on input line 6098.
Package hyperref Info: Link coloring with OCG OFF on input line 6103.
Package hyperref Info: PDF/A mode OFF on input line 6108.
\Hy@abspage=\count293
\c@Item=\count294
\c@Hfootnote=\count295
)
Package hyperref Info: Driver (autodetected): hpdftex.

(C:\Users\angpa\AppData\Local\Programs\MiKTeX\tex/latex/hyperref\hpdftex.def
File: hpdftex.def 2025-07-12 v7.01o Hyperref driver for pdfTeX
\Fld@listcount=\count296
\c@bookmark@seq@number=\count297

(C:\Users\angpa\AppData\Local\Programs\MiKTeX\tex/latex/rerunfilecheck\rerunfil
echeck.sty
Package: rerunfilecheck 2025-06-21 v1.11 Rerun checks for auxiliary files (HO)

(C:\Users\angpa\AppData\Local\Programs\MiKTeX\tex/generic/uniquecounter\uniquec
ounter.sty
Package: uniquecounter 2019/12/15 v1.4 Provide unlimited unique counter (HO)
)
Package uniquecounter Info: New unique counter `rerunfilecheck' on input line 2
84.
)
\Hy@SectionHShift=\skip51
)
(C:\Users\angpa\AppData\Local\Programs\MiKTeX\tex/latex/amsmath\amsmath.sty
Package: amsmath 2025/07/09 v2.17z AMS math features
\@mathmargin=\skip52

For additional information on amsmath, use the `?' option.
(C:\Users\angpa\AppData\Local\Programs\MiKTeX\tex/latex/amsmath\amstext.sty
Package: amstext 2024/11/17 v2.01 AMS text

(C:\Users\angpa\AppData\Local\Programs\MiKTeX\tex/latex/amsmath\amsgen.sty
File: amsgen.sty 1999/11/30 v2.0 generic functions
\@emptytoks=\toks19
\ex@=\dimen161
))
(C:\Users\angpa\AppData\Local\Programs\MiKTeX\tex/latex/amsmath\amsbsy.sty
Package: amsbsy 1999/11/29 v1.2d Bold Symbols
\pmbraise@=\dimen162
)
(C:\Users\angpa\AppData\Local\Programs\MiKTeX\tex/latex/amsmath\amsopn.sty
Package: amsopn 2022/04/08 v2.04 operator names
)
\inf@bad=\count298
LaTeX Info: Redefining \frac on input line 233.
\uproot@=\count299
\leftroot@=\count300
LaTeX Info: Redefining \overline on input line 398.
LaTeX Info: Redefining \colon on input line 409.
\classnum@=\count301
\DOTSCASE@=\count302
LaTeX Info: Redefining \ldots on input line 495.
LaTeX Info: Redefining \dots on input line 498.
LaTeX Info: Redefining \cdots on input line 619.
\Mathstrutbox@=\box53
\strutbox@=\box54
LaTeX Info: Redefining \big on input line 721.
LaTeX Info: Redefining \Big on input line 722.
LaTeX Info: Redefining \bigg on input line 723.
LaTeX Info: Redefining \Bigg on input line 724.
\big@size=\dimen163
LaTeX Font Info:    Redeclaring font encoding OML on input line 742.
LaTeX Font Info:    Redeclaring font encoding OMS on input line 743.
\macc@depth=\count303
LaTeX Info: Redefining \bmod on input line 904.
LaTeX Info: Redefining \pmod on input line 909.
LaTeX Info: Redefining \smash on input line 939.
LaTeX Info: Redefining \relbar on input line 969.
LaTeX Info: Redefining \Relbar on input line 970.
\c@MaxMatrixCols=\count304
\dotsspace@=\muskip18
\c@parentequation=\count305
\dspbrk@lvl=\count306
\tag@help=\toks20
\row@=\count307
\column@=\count308
\maxfields@=\count309
\andhelp@=\toks21
\eqnshift@=\dimen164
\alignsep@=\dimen165
\tagshift@=\dimen166
\tagwidth@=\dimen167
\totwidth@=\dimen168
\lineht@=\dimen169
\@envbody=\toks22
\multlinegap=\skip53
\multlinetaggap=\skip54
\mathdisplay@stack=\toks23
LaTeX Info: Redefining \[ on input line 2950.
LaTeX Info: Redefining \] on input line 2951.
)
(C:\Users\angpa\AppData\Local\Programs\MiKTeX\tex/latex/amsfonts\amssymb.sty
Package: amssymb 2013/01/14 v3.01 AMS font symbols

(C:\Users\angpa\AppData\Local\Programs\MiKTeX\tex/latex/amsfonts\amsfonts.sty
Package: amsfonts 2013/01/14 v3.01 Basic AMSFonts support
\symAMSa=\mathgroup4
\symAMSb=\mathgroup5
LaTeX Font Info:    Redeclaring math symbol \hbar on input line 98.
LaTeX Font Info:    Overwriting math alphabet `\mathfrak' in version `bold'
(Font)                  U/euf/m/n --> U/euf/b/n on input line 106.
)) (C:\Users\angpa\AppData\Local\Programs\MiKTeX\tex/latex/graphics\graphicx.st
y
Package: graphicx 2024/12/31 v1.2e Enhanced LaTeX Graphics (DPC,SPQR)

(C:\Users\angpa\AppData\Local\Programs\MiKTeX\tex/latex/graphics\graphics.sty
Package: graphics 2024/08/06 v1.4g Standard LaTeX Graphics (DPC,SPQR)

(C:\Users\angpa\AppData\Local\Programs\MiKTeX\tex/latex/graphics\trig.sty
Package: trig 2023/12/02 v1.11 sin cos tan (DPC)
)
(C:\Users\angpa\AppData\Local\Programs\MiKTeX\tex/latex/graphics-cfg\graphics.c
fg
File: graphics.cfg 2016/06/04 v1.11 sample graphics configuration
)
Package graphics Info: Driver file: pdftex.def on input line 106.

(C:\Users\angpa\AppData\Local\Programs\MiKTeX\tex/latex/graphics-def\pdftex.def
File: pdftex.def 2025/09/29 v1.2d Graphics/color driver for pdftex
))
\Gin@req@height=\dimen170
\Gin@req@width=\dimen171
)
(C:\Users\angpa\AppData\Local\Programs\MiKTeX\tex/latex/booktabs\booktabs.sty
Package: booktabs 2020/01/12 v1.61803398 Publication quality tables
\heavyrulewidth=\dimen172
\lightrulewidth=\dimen173
\cmidrulewidth=\dimen174
\belowrulesep=\dimen175
\belowbottomsep=\dimen176
\aboverulesep=\dimen177
\abovetopsep=\dimen178
\cmidrulesep=\dimen179
\cmidrulekern=\dimen180
\defaultaddspace=\dimen181
\@cmidla=\count310
\@cmidlb=\count311
\@aboverulesep=\dimen182
\@belowrulesep=\dimen183
\@thisruleclass=\count312
\@lastruleclass=\count313
\@thisrulewidth=\dimen184
)
(C:\Users\angpa\AppData\Local\Programs\MiKTeX\tex/latex/enumitem\enumitem.sty
Package: enumitem 2025/02/06 v3.11 Customized lists
\labelindent=\skip55
\enit@outerparindent=\dimen185
\enit@toks=\toks24
\enit@inbox=\box55
\enit@count@id=\count314
\enitdp@description=\count315
)
(C:\Users\angpa\AppData\Local\Programs\MiKTeX\tex/latex/cjk-ko\kotex.sty
Package: kotex 2015/04/19 v1.6 Korean TeX (ko.TeX)

(C:\Users\angpa\AppData\Local\Programs\MiKTeX\tex/latex/kotex-utf\kotex.cfg)
(C:\Users\angpa\AppData\Local\Programs\MiKTeX\tex/latex/kotex-utf\kotexutf.sty
Package: kotexutf 2022/06/22 v3.0.0 typesetting UTF-8 Korean documents

(C:\Users\angpa\AppData\Local\Programs\MiKTeX\tex/latex/base\inputenc.sty
Package: inputenc 2024/02/08 v1.3d Input encoding file
\inpenc@prehook=\toks25
\inpenc@posthook=\toks26
)
(C:\Users\angpa\AppData\Local\Programs\MiKTeX\tex/plain/kotex-plain\kotexutf-co
re.tex
\unih@ngulpoint=\count316
\dhucs@emph@raise=\dimen186
)
Now handling font encoding LUC ...
... processing UTF-8 mapping file for font encoding LUC

(C:\Users\angpa\AppData\Local\Programs\MiKTeX\tex/latex/kotex-utf\lucenc.dfu
File: lucenc.dfu 2007/09/05 UTF-8 support for dhucs
   defining Unicode char U+00B7 (decimal 183)
   defining Unicode char U+2018 (decimal 8216)
   defining Unicode char U+2019 (decimal 8217)
   defining Unicode char U+201C (decimal 8220)
   defining Unicode char U+201D (decimal 8221)
   defining Unicode char U+3001 (decimal 12289)
   defining Unicode char U+3002 (decimal 12290)
   defining Unicode char U+3008 (decimal 12296)
   defining Unicode char U+3009 (decimal 12297)
   defining Unicode char U+300A (decimal 12298)
   defining Unicode char U+300B (decimal 12299)
   defining Unicode char U+300C (decimal 12300)
   defining Unicode char U+300D (decimal 12301)
   defining Unicode char U+300E (decimal 12302)
   defining Unicode char U+300F (decimal 12303)
   defining Unicode char U+3010 (decimal 12304)
   defining Unicode char U+3011 (decimal 12305)
   defining Unicode char U+3014 (decimal 12308)
   defining Unicode char U+3015 (decimal 12309)
   defining Unicode char U+3016 (decimal 12310)
   defining Unicode char U+3017 (decimal 12311)
   defining Unicode char U+3018 (decimal 12312)
   defining Unicode char U+3019 (decimal 12313)
   defining Unicode char U+301A (decimal 12314)
   defining Unicode char U+301B (decimal 12315)
   defining Unicode char U+FF01 (decimal 65281)
   defining Unicode char U+FF08 (decimal 65288)
   defining Unicode char U+FF09 (decimal 65289)
   defining Unicode char U+FF0C (decimal 65292)
   defining Unicode char U+FF0E (decimal 65294)
   defining Unicode char U+FF1A (decimal 65306)
   defining Unicode char U+FF1B (decimal 65307)
   defining Unicode char U+FF1C (decimal 65308)
   defining Unicode char U+FF1D (decimal 65309)
   defining Unicode char U+FF1E (decimal 65310)
   defining Unicode char U+FF1F (decimal 65311)
   defining Unicode char U+FF3B (decimal 65339)
   defining Unicode char U+FF3D (decimal 65341)
   defining Unicode char U+FF5B (decimal 65371)
   defining Unicode char U+FF5D (decimal 65373)
   defining Unicode char U+FF61 (decimal 65377)
   defining Unicode char U+FF62 (decimal 65378)
   defining Unicode char U+FF63 (decimal 65379)
   defining Unicode char U+FF64 (decimal 65380)
   defining Unicode char U+FF65 (decimal 65381)
)
\@josa=\count317
\josatoks=\toks27

(C:\Users\angpa\AppData\Local\Programs\MiKTeX\tex/latex/cjk-ko\kolabels-utf.sty
Package: kolabels-utf 2015/03/20 v1.5 UTF-8 Hangul item labels
)))
(C:\Users\angpa\AppData\Local\Programs\MiKTeX\tex/latex/l3backend\l3backend-pdf
tex.def
File: l3backend-pdftex.def 2025-10-09 L3 backend support: PDF output (pdfTeX)
\l__color_backend_stack_int=\count318
)
No file report_full_2.aux.
\openout1 = `report_full_2.aux'.

LaTeX Font Info:    Checking defaults for OML/cmm/m/it on input line 12.
LaTeX Font Info:    ... okay on input line 12.
LaTeX Font Info:    Checking defaults for OMS/cmsy/m/n on input line 12.
LaTeX Font Info:    ... okay on input line 12.
LaTeX Font Info:    Checking defaults for OT1/cmr/m/n on input line 12.
LaTeX Font Info:    ... okay on input line 12.
LaTeX Font Info:    Checking defaults for T1/cmr/m/n on input line 12.
LaTeX Font Info:    ... okay on input line 12.
LaTeX Font Info:    Checking defaults for TS1/cmr/m/n on input line 12.
LaTeX Font Info:    ... okay on input line 12.
LaTeX Font Info:    Checking defaults for OMX/cmex/m/n on input line 12.
LaTeX Font Info:    ... okay on input line 12.
LaTeX Font Info:    Checking defaults for U/cmr/m/n on input line 12.
LaTeX Font Info:    ... okay on input line 12.
LaTeX Font Info:    Checking defaults for PD1/pdf/m/n on input line 12.
LaTeX Font Info:    ... okay on input line 12.
LaTeX Font Info:    Checking defaults for PU/pdf/m/n on input line 12.
LaTeX Font Info:    ... okay on input line 12.
LaTeX Font Info:    Checking defaults for LUC/nanummj/m/n on input line 12.
LaTeX Font Info:    Trying to load font information for LUC+nanummj on input li
ne 12.

(C:\Users\angpa\AppData\Local\Programs\MiKTeX\tex/latex/nanumtype1\lucnanummj.f
d
File: lucnanummj.fd 2013/02/12 v0.1 Nanum Myeongjo font definitions
)
LaTeX Font Info:    ... okay on input line 12.

*geometry* driver: auto-detecting
*geometry* detected driver: pdftex
*geometry* verbose mode - [ preamble ] result:
* driver: pdftex
* paper: <default>
* layout: <same size as paper>
* layoutoffset:(h,v)=(0.0pt,0.0pt)
* modes: 
* h-part:(L,W,R)=(72.26999pt, 469.75502pt, 72.26999pt)
* v-part:(T,H,B)=(72.26999pt, 650.43001pt, 72.26999pt)
* \paperwidth=614.295pt
* \paperheight=794.96999pt
* \textwidth=469.75502pt
* \textheight=650.43001pt
* \oddsidemargin=0.0pt
* \evensidemargin=0.0pt
* \topmargin=-37.0pt
* \headheight=12.0pt
* \headsep=25.0pt
* \topskip=11.0pt
* \footskip=30.0pt
* \marginparwidth=59.0pt
* \marginparsep=10.0pt
* \columnsep=10.0pt
* \skip\footins=10.0pt plus 4.0pt minus 2.0pt
* \hoffset=0.0pt
* \voffset=0.0pt
* \mag=1000
* \@twocolumnfalse
* \@twosidefalse
* \@mparswitchfalse
* \@reversemarginfalse
* (1in=72.27pt=25.4mm, 1cm=28.453pt)

Package hyperref Info: Link coloring OFF on input line 12.
\@outlinefile=\write3
\openout3 = `report_full_2.out'.


(C:\Users\angpa\AppData\Local\Programs\MiKTeX\tex/context/base/mkii\supp-pdf.mk
ii
[Loading MPS to PDF converter (version 2006.09.02).]
\scratchcounter=\count319
\scratchdimen=\dimen187
\scratchbox=\box56
\nofMPsegments=\count320
\nofMParguments=\count321
\everyMPshowfont=\toks28
\MPscratchCnt=\count322
\MPscratchDim=\dimen188
\MPnumerator=\count323
\makeMPintoPDFobject=\count324
\everyMPtoPDFconversion=\toks29
)
(C:\Users\angpa\AppData\Local\Programs\MiKTeX\tex/latex/epstopdf-pkg\epstopdf-b
ase.sty
Package: epstopdf-base 2020-01-24 v2.11 Base part for package epstopdf
Package epstopdf-base Info: Redefining graphics rule for `.eps' on input line 4
85.

(C:\Users\angpa\AppData\Local\Programs\MiKTeX\tex/latex/00miktex\epstopdf-sys.c
fg
File: epstopdf-sys.cfg 2021/03/18 v2.0 Configuration of epstopdf for MiKTeX
))
LaTeX Font Info:    Trying to load font information for U+msa on input line 14.

 (C:\Users\angpa\AppData\Local\Programs\MiKTeX\tex/latex/amsfonts\umsa.fd
File: umsa.fd 2013/01/14 v3.01 AMS symbols A
)
LaTeX Font Info:    Trying to load font information for U+msb on input line 14.


(C:\Users\angpa\AppData\Local\Programs\MiKTeX\tex/latex/amsfonts\umsb.fd
File: umsb.fd 2013/01/14 v3.01 AMS symbols B
)
LaTeX Font Info:    Font shape `LUC/nanummj/m/it' in size <10.95> not available

(Font)              Font shape `LUC/nanummj/m/sl' tried instead on input line 1
8.

[1

{C:/Users/angpa/AppData/Local/MiKTeX/fonts/map/pdftex/pdftex.map}]
Overfull \hbox (20.69193pt too wide) in paragraph at lines 52--53
\OT1/cmr/m/n/10.95 Mitsubishi Chem-i-cal\LUC/nanummj/m/n/10.95/c7 X \LUC/nanumm
j/m/n/10.95/ac ı\LUC/nanummj/m/n/10.95/c2 › \OT1/cmr/m/n/10.95 PDF\LUC/nanummj/
m/n/10.95/b2 î \OT1/cmr/m/n/10.95 TADF emit-ter\LUC/nanummj/m/n/10.95/c7 X \LUC
/nanummj/m/n/10.95/c5 Ï\LUC/nanummj/m/n/10.95/ae 0\LUC/nanummj/m/n/10.95/c0 ¡\L
UC/nanummj/m/n/10.95/d0 ‹ \LUC/nanummj/m/n/10.95/c5 –\LUC/nanummj/m/n/10.95/b1 
^^H\LUC/nanummj/m/n/10.95/c9 ¿ \LUC/nanummj/m/n/10.95/c6 ^^H\LUC/nanummj/m/n/10
.95/ce !\LUC/nanummj/m/n/10.95/c7 D ^^D\LUC/nanummj/m/n/10.95/d5 t \OT1/cmr/m/n
/10.95 qEOM-VQE(quantum
 []

[2] [3] [4] [5] [6]

Package hyperref Warning: Token not allowed in a PDF string (Unicode):
(hyperref)                removing `math shift' on input line 177.


Package hyperref Warning: Token not allowed in a PDF string (Unicode):
(hyperref)                removing `\rightarrow' on input line 177.


Package hyperref Warning: Token not allowed in a PDF string (Unicode):
(hyperref)                removing `math shift' on input line 177.

[7] [8]

LaTeX Warning: Reference `fig:1' on page 9 undefined on input line 220.


LaTeX Warning: Reference `fig:2' on page 9 undefined on input line 220.


LaTeX Warning: Reference `fig:3' on page 9 undefined on input line 220.


LaTeX Warning: Reference `fig:4' on page 9 undefined on input line 220.


Overfull \hbox (43.67163pt too wide) in paragraph at lines 220--221
 []\OT1/cmr/bx/n/10.95 Figures ref-er-enced.[] \OT1/cmr/m/n/10.95 Fig-ure []: S
ource PDF: W4410193211.pdf Fig-ure []: Source PDF: W4410193211.pdf
 []

<report_assets/figures/._archive_openalex_pdf_W4410193211.pdf-5f54c461.png, id=
274, 400.49625pt x 276.28218pt>
File: report_assets/figures/._archive_openalex_pdf_W4410193211.pdf-5f54c461.png
 Graphic file (type png)
<use report_assets/figures/._archive_openalex_pdf_W4410193211.pdf-5f54c461.png>

Package pdftex.def Info: report_assets/figures/._archive_openalex_pdf_W44101932
11.pdf-5f54c461.png  used on input line 224.
(pdftex.def)             Requested size: 469.75502pt x 324.07933pt.
<report_assets/figures/._archive_openalex_pdf_W4410193211.pdf-cfdd36b2.png, id=
275, 400.49625pt x 184.43906pt>
File: report_assets/figures/._archive_openalex_pdf_W4410193211.pdf-cfdd36b2.png
 Graphic file (type png)
<use report_assets/figures/._archive_openalex_pdf_W4410193211.pdf-cfdd36b2.png>

Package pdftex.def Info: report_assets/figures/._archive_openalex_pdf_W44101932
11.pdf-cfdd36b2.png  used on input line 231.
(pdftex.def)             Requested size: 469.75502pt x 216.34723pt.
<report_assets/figures/._archive_openalex_pdf_W4410193211.pdf-2bfc23f2.png, id=
276, 141.52875pt x 115.93312pt>
File: report_assets/figures/._archive_openalex_pdf_W4410193211.pdf-2bfc23f2.png
 Graphic file (type png)
<use report_assets/figures/._archive_openalex_pdf_W4410193211.pdf-2bfc23f2.png>

Package pdftex.def Info: report_assets/figures/._archive_openalex_pdf_W44101932
11.pdf-2bfc23f2.png  used on input line 238.
(pdftex.def)             Requested size: 469.75502pt x 384.87485pt.
<report_assets/figures/._archive_openalex_pdf_W4410193211.pdf-f85c1da4.png, id=
277, 137.7647pt x 113.67468pt>
File: report_assets/figures/._archive_openalex_pdf_W4410193211.pdf-f85c1da4.png
 Graphic file (type png)
<use report_assets/figures/._archive_openalex_pdf_W4410193211.pdf-f85c1da4.png>

Package pdftex.def Info: report_assets/figures/._archive_openalex_pdf_W44101932
11.pdf-f85c1da4.png  used on input line 245.
(pdftex.def)             Requested size: 469.75502pt x 387.65091pt.
LaTeX Font Info:    Trying to load font information for LUC+nanumgt on input li
ne 271.

(C:\Users\angpa\AppData\Local\Programs\MiKTeX\tex/latex/nanumtype1\lucnanumgt.f
d
File: lucnanumgt.fd 2013/02/12 v0.1 Nanum Gothic font definitions
)
Overfull \hbox (5.47318pt too wide) in paragraph at lines 271--271
[]\LUC/nanumgt/m/n/10.95/c9 ¿\LUC/nanumgt/m/n/10.95/b0 ú \OT1/cmtt/m/n/10.95 12
\LUC/nanumgt/m/n/10.95/ac ^^\\LUC/nanumgt/m/n/10.95/c6 ‘ \LUC/nanumgt/m/n/10.95
/b3 Ÿ\LUC/nanumgt/m/n/10.95/c5 H\LUC/nanumgt/m/n/10.95/c7 X \LUC/nanumgt/m/n/10
.95/c5 ë\LUC/nanumgt/m/n/10.95/c7 ê\LUC/nanumgt/m/n/10.95/ce Ù\LUC/nanumgt/m/n/
10.95/d4 Ë\LUC/nanumgt/m/n/10.95/d3 ^^E \LUC/nanumgt/m/n/10.95/ae 0\LUC/nanumgt
/m/n/10.95/bc ^^X \LUC/nanumgt/m/n/10.95/c7 ¨\LUC/nanumgt/m/n/10.95/b8 Ã \LUC/n
anumgt/m/n/10.95/c5 \LUC/nanumgt/m/n/10.95/ad l \LUC/nanumgt/m/n/10.95/bc ^^O 
\LUC/nanumgt/m/n/10.95/c0 ∞\LUC/nanumgt/m/n/10.95/c5 ≈ \LUC/nanumgt/m/n/10.95/c
8 ^^A\LUC/nanumgt/m/n/10.95/c6 © \LUC/nanumgt/m/n/10.95/b3 Ÿ\LUC/nanumgt/m/n/10
.95/d5 •\LUC/nanumgt/m/n/10.95/c7 D \OT1/cmtt/m/n/10.95 OLED \LUC/nanumgt/m/n/1
0.95/bc ^^\\LUC/nanumgt/m/n/10.95/ad ^^Q\LUC/nanumgt/m/n/10.95/c7 ¨\LUC/nanumgt
/m/n/10.95/b8 Ã \LUC/nanumgt/m/n/10.95/ac ^^\\LUC/nanumgt/m/n/10.95/bc ^^\ \LUC
/nanumgt/m/n/10.95/ad ^^@\LUC/nanumgt/m/n/10.95/c8 ^^P\LUC/nanumgt/m/n/10.95/c5
 –
 []

[9 <./report_assets/figures/._archive_openalex_pdf_W4410193211.pdf-5f54c461.png
 (PNG copy)>]
Overfull \hbox (13.35738pt too wide) in paragraph at lines 271--271
[]\LUC/nanumgt/m/n/10.95/cd ú\LUC/nanumgt/m/n/10.95/cc ò\LUC/nanumgt/m/n/10.95/
b2 î \LUC/nanumgt/m/n/10.95/b1 |\LUC/nanumgt/m/n/10.95/bb 8\OT1/cmtt/m/n/10.95 
/\LUC/nanumgt/m/n/10.95/b9 ¨\LUC/nanumgt/m/n/10.95/bd \OT1/cmtt/m/n/10.95 /\LU
C/nanumgt/m/n/10.95/ac ı\LUC/nanumgt/m/n/10.95/c2 › \LUC/nanumgt/m/n/10.95/bc ^
^\\LUC/nanumgt/m/n/10.95/d4 \\OT1/cmtt/m/n/10.95 /\LUC/nanumgt/m/n/10.95/c2 ‡\L
UC/nanumgt/m/n/10.95/b8 ∞ \LUC/nanumgt/m/n/10.95/ac ^^@\LUC/nanumgt/m/n/10.95/b
2 •\LUC/nanumgt/m/n/10.95/d5 \ \LUC/nanumgt/m/n/10.95/c5 ≈\LUC/nanumgt/m/n/10.9
5/ac ƒ \LUC/nanumgt/m/n/10.95/c7 ê\LUC/nanumgt/m/n/10.95/b8 Ã\LUC/nanumgt/m/n/1
0.95/b9 | \LUC/nanumgt/m/n/10.95/c6 ∞\LUC/nanumgt/m/n/10.95/c1  \LUC/nanumgt/m/
n/10.95/c7 <\LUC/nanumgt/m/n/10.95/b8 \ \LUC/nanumgt/m/n/10.95/d5 X\LUC/nanumgt
/m/n/10.95/ac ‡\OT1/cmtt/m/n/10.95 , \LUC/nanumgt/m/n/10.95/c6 ˘ \LUC/nanumgt/m
/n/10.95/ac Ä\LUC/nanumgt/m/n/10.95/c0 …\LUC/nanumgt/m/n/10.95/c7 <\LUC/nanumgt
/m/n/10.95/b8 \ \LUC/nanumgt/m/n/10.95/bc Ù\LUC/nanumgt/m/n/10.95/ac ^^U\LUC/na
numgt/m/n/10.95/d5 \ \LUC/nanumgt/m/n/10.95/b0 ¥\LUC/nanumgt/m/n/10.95/c6 ©\LUC
/nanumgt/m/n/10.95/c7 @ 
 []


Overfull \hbox (20.31046pt too wide) in paragraph at lines 271--271
[]\OT1/cmtt/m/n/10.95 - \LUC/nanumgt/m/n/10.95/d5 Y\LUC/nanumgt/m/n/10.95/c2  \
OT1/cmtt/m/n/10.95 /\LUC/nanumgt/m/n/10.95/ae 0\LUC/nanumgt/m/n/10.95/c2   \LUC
/nanumgt/m/n/10.95/c8 ^^D\LUC/nanumgt/m/n/10.95/bb 8\LUC/nanumgt/m/n/10.95/ac ^
^@ \LUC/nanumgt/m/n/10.95/b9 ¨\LUC/nanumgt/m/n/10.95/bd  \LUC/nanumgt/m/n/10.9
5/b1 |\LUC/nanumgt/m/n/10.95/bb 8 \LUC/nanumgt/m/n/10.95/c2 ^^X\LUC/nanumgt/m/n
/10.95/c9 ^^@\LUC/nanumgt/m/n/10.95/c7 X \LUC/nanumgt/m/n/10.95/c5 ƒ\LUC/nanumg
t/m/n/10.95/bc ^^@\LUC/nanumgt/m/n/10.95/d5 \ \LUC/nanumgt/m/n/10.95/c1 ^^\\LUC
/nanumgt/m/n/10.95/c2  \LUC/nanumgt/m/n/10.95/cc ¥\LUC/nanumgt/m/n/10.95/b8 \ \
LUC/nanumgt/m/n/10.95/c7 ë\LUC/nanumgt/m/n/10.95/c1 1\LUC/nanumgt/m/n/10.95/d5 
t\LUC/nanumgt/m/n/10.95/c9 ^^X\OT1/cmtt/m/n/10.95 . (\LUC/nanumgt/m/n/10.95/ad 
P\LUC/nanumgt/m/n/10.95/c2 ^^X› \LUC/nanumgt/m/n/10.95/c1 ^^\\LUC/nanumgt/m/n/1
0.95/c2  \OT1/cmtt/m/n/10.95 , \LUC/nanumgt/m/n/10.95/ac ¸\LUC/nanumgt/m/n/10.9
5/c7 •\OT1/cmtt/m/n/10.95 /\LUC/nanumgt/m/n/10.95/b9 »\LUC/nanumgt/m/n/10.95/cf
 ^^@\LUC/nanumgt/m/n/10.95/d3 ^^E \LUC/nanumgt/m/n/10.95/d1 § \LUC/nanumgt/m/n/
10.95/ae ^^H
 []


Overfull \hbox (7.66327pt too wide) in paragraph at lines 271--271
[]\OT1/cmtt/m/n/10.95 - \LUC/nanumgt/m/n/10.95/ae 0\LUC/nanumgt/m/n/10.95/c2  \
LUC/nanumgt/m/n/10.95/c8 ^^A \LUC/nanumgt/m/n/10.95/ba T\LUC/nanumgt/m/n/10.95/
ce ‰\LUC/nanumgt/m/n/10.95/b2 »\LUC/nanumgt/m/n/10.95/c9 ò\OT1/cmtt/m/n/10.95 (
\LUC/nanumgt/m/n/10.95/c5 L\LUC/nanumgt/m/n/10.95/ac ‡\LUC/nanumgt/m/n/10.95/b9
 ¨\LUC/nanumgt/m/n/10.95/c9 ò[]\LUC/nanumgt/m/n/10.95/c2 ‰\LUC/nanumgt/m/n/10.9
5/d5 ÿ \LUC/nanumgt/m/n/10.95/c8 p\LUC/nanumgt/m/n/10.95/ac t[]\LUC/nanumgt/m/n
/10.95/b3 p\LUC/nanumgt/m/n/10.95/c7 t\LUC/nanumgt/m/n/10.95/d1 0\OT1/cmtt/m/n/
10.95 /\LUC/nanumgt/m/n/10.95/ac ı\LUC/nanumgt/m/n/10.95/c8 ^^U p\LUC/nanumgt/m
/n/10.95/ac t\OT1/cmtt/m/n/10.95 )\LUC/nanumgt/m/n/10.95/c7 D \LUC/nanumgt/m/n/
10.95/ac ^^@\LUC/nanumgt/m/n/10.95/b2 •\LUC/nanumgt/m/n/10.95/d5 \ \ \LUC/nanum
gt/m/n/10.95/ba Ö\LUC/nanumgt/m/n/10.95/c2 ‹\LUC/nanumgt/m/n/10.95/d5 X\LUC/nan
umgt/m/n/10.95/ac ‡\OT1/cmtt/m/n/10.95 , \LUC/nanumgt/m/n/10.95/c7 ¨\LUC/nanumg
t/m/n/10.95/d6 ^^D\LUC/nanumgt/m/n/10.95/c1 1\OT1/cmtt/m/n/10.95 /\LUC/nanumgt/
m/n/10.95/c2 §\LUC/nanumgt/m/n/10.95/cf ^^@\LUC/nanumgt/m/n/10.95/c7 |
 []


Overfull \hbox (5.47318pt too wide) in paragraph at lines 271--271
[]\OT1/cmtt/m/n/10.95 - \LUC/nanumgt/m/n/10.95/d5 Y\LUC/nanumgt/m/n/10.95/ac ƒ 
∞¸\LUC/nanumgt/m/n/10.95/c6 @ \LUC/nanumgt/m/n/10.95/c0 ∞\LUC/nanumgt/m/n/10.95
/c5 ≈ \LUC/nanumgt/m/n/10.95/c8 ^^A\LUC/nanumgt/m/n/10.95/c6 ©\LUC/nanumgt/m/n/
10.95/c7 X \LUC/nanumgt/m/n/10.95/ac ^^D\LUC/nanumgt/m/n/10.95/ad ˘\OT1/cmtt/m/
n/10.95 (\LUC/nanumgt/m/n/10.95/c2 ^^X\LUC/nanumgt/m/n/10.95/c7 (\OT1/cmtt/m/n/
10.95 , \LUC/nanumgt/m/n/10.95/be D\LUC/nanumgt/m/n/10.95/c6 ©\OT1/cmtt/m/n/10.
95 , \LUC/nanumgt/m/n/10.95/c2 ^^X\LUC/nanumgt/m/n/10.95/ba Ö\OT1/cmtt/m/n/10.9
5 , \LUC/nanumgt/m/n/10.95/c2 ‡\LUC/nanumgt/m/n/10.95/b8 ∞\LUC/nanumgt/m/n/10.9
5/c1 1\OT1/cmtt/m/n/10.95 , \LUC/nanumgt/m/n/10.95/ac ı\LUC/nanumgt/m/n/10.95/c
8 ^^U \LUC/nanumgt/m/n/10.95/d6 8X\LUC/nanumgt/m/n/10.95/c1 1 \LUC/nanumgt/m/n/
10.95/b4 Ò\OT1/cmtt/m/n/10.95 )\LUC/nanumgt/m/n/10.95/c7 D \LUC/nanumgt/m/n/10.
95/be D\LUC/nanumgt/m/n/10.95/d3 ^^P\LUC/nanumgt/m/n/10.95/c8 ^^A\LUC/nanumgt/m
/n/10.95/c7 <\LUC/nanumgt/m/n/10.95/b8 \ \LUC/nanumgt/m/n/10.95/b2 ‰\LUC/nanumg
t/m/n/10.95/b9 ^^D
 []

[10 <./report_assets/figures/._archive_openalex_pdf_W4410193211.pdf-cfdd36b2.pn
g (PNG copy)>] [11 <./report_assets/figures/._archive_openalex_pdf_W4410193211.
pdf-2bfc23f2.png (PNG copy)>] [12 <./report_assets/figures/._archive_openalex_p
df_W4410193211.pdf-f85c1da4.png (PNG copy)>]
Overfull \hbox (53.63412pt too wide) in paragraph at lines 278--279
[]\OT1/cmr/m/n/10.95 Using GNN prop-erty pre-dic-tors as molecule gen-er-a-tors
 --- []\OT1/cmtt/m/n/10.95 ./archive/openalex/text/W4410193211.txt[]
 []

[13] (report_full_2.aux)
 ***********
LaTeX2e <2025-11-01>
L3 programming layer <2025-12-29>
 ***********


LaTeX Warning: There were undefined references.


LaTeX Warning: Label(s) may have changed. Rerun to get cross-references right.


Package rerunfilecheck Warning: File `report_full_2.out' has changed.
(rerunfilecheck)                Rerun to get outlines right
(rerunfilecheck)                or use package `bookmark'.

Package rerunfilecheck Info: Checksums for `report_full_2.out':
(rerunfilecheck)             Before: <no file>
(rerunfilecheck)             After:  8854D6D0951EDFA6C66A6189F6E5064D;13944.
 ) 
Here is how much of TeX's memory you used:
 11421 strings out of 467871
 178879 string characters out of 5418376
 591328 words of memory out of 5000000
 39925 multiletter control sequences out of 15000+600000
 693779 words of font info for 261 fonts, out of 8000000 for 9000
 1141 hyphenation exceptions out of 8191
 75i,6n,79p,1868b,681s stack positions out of 10000i,1000n,20000p,200000b,200000s
 <C:\Users\angpa\AppData\Local\MiKTeX\fonts/pk/ljfour/jknappen/ec/dpi600\tcrm
1000.pk> <C:\Users\angpa\AppData\Local\MiKTeX\fonts/pk/ljfour/jknappen/ec/dpi60
0\tctt1095.pk> <C:\Users\angpa\AppData\Local\MiKTeX\fonts/pk/ljfour/jknappen/ec
/dpi600\tcrm1095.pk><C:/Users/angpa/AppData/Local/Programs/MiKTeX/fonts/type1/p
ublic/amsfonts/cm/cmbx10.pfb><C:/Users/angpa/AppData/Local/Programs/MiKTeX/font
s/type1/public/amsfonts/cm/cmbx12.pfb><C:/Users/angpa/AppData/Local/Programs/Mi
KTeX/fonts/type1/public/amsfonts/cm/cmex10.pfb><C:/Users/angpa/AppData/Local/Pr
ograms/MiKTeX/fonts/type1/public/amsfonts/cm/cmmi10.pfb><C:/Users/angpa/AppData
/Local/Programs/MiKTeX/fonts/type1/public/amsfonts/cm/cmmi8.pfb><C:/Users/angpa
/AppData/Local/Programs/MiKTeX/fonts/type1/public/amsfonts/cm/cmmib10.pfb><C:/U
sers/angpa/AppData/Local/Programs/MiKTeX/fonts/type1/public/amsfonts/cm/cmr10.p
fb><C:/Users/angpa/AppData/Local/Programs/MiKTeX/fonts/type1/public/amsfonts/cm
/cmr12.pfb><C:/Users/angpa/AppData/Local/Programs/MiKTeX/fonts/type1/public/ams
fonts/cm/cmr17.pfb><C:/Users/angpa/AppData/Local/Programs/MiKTeX/fonts/type1/pu
blic/amsfonts/cm/cmr6.pfb><C:/Users/angpa/AppData/Local/Programs/MiKTeX/fonts/t
ype1/public/amsfonts/cm/cmr8.pfb><C:/Users/angpa/AppData/Local/Programs/MiKTeX/
fonts/type1/public/amsfonts/cm/cmsy10.pfb><C:/Users/angpa/AppData/Local/Program
s/MiKTeX/fonts/type1/public/amsfonts/cm/cmsy8.pfb><C:/Users/angpa/AppData/Local
/Programs/MiKTeX/fonts/type1/public/amsfonts/cm/cmti10.pfb><C:/Users/angpa/AppD
ata/Local/Programs/MiKTeX/fonts/type1/public/amsfonts/cm/cmtt10.pfb><C:/Users/a
ngpa/AppData/Local/Programs/MiKTeX/fonts/type1/public/nanumtype1/nanumgtmac.pfb
><C:/Users/angpa/AppData/Local/Programs/MiKTeX/fonts/type1/public/nanumtype1/na
numgtmad.pfb><C:/Users/angpa/AppData/Local/Programs/MiKTeX/fonts/type1/public/n
anumtype1/nanumgtmae.pfb><C:/Users/angpa/AppData/Local/Programs/MiKTeX/fonts/ty
pe1/public/nanumtype1/nanumgtmb0.pfb><C:/Users/angpa/AppData/Local/Programs/MiK
TeX/fonts/type1/public/nanumtype1/nanumgtmb1.pfb><C:/Users/angpa/AppData/Local/
Programs/MiKTeX/fonts/type1/public/nanumtype1/nanumgtmb2.pfb><C:/Users/angpa/Ap
pData/Local/Programs/MiKTeX/fonts/type1/public/nanumtype1/nanumgtmb3.pfb><C:/Us
ers/angpa/AppData/Local/Programs/MiKTeX/fonts/type1/public/nanumtype1/nanumgtmb
4.pfb><C:/Users/angpa/AppData/Local/Programs/MiKTeX/fonts/type1/public/nanumtyp
e1/nanumgtmb5.pfb><C:/Users/angpa/AppData/Local/Programs/MiKTeX/fonts/type1/pub
lic/nanumtype1/nanumgtmb7.pfb><C:/Users/angpa/AppData/Local/Programs/MiKTeX/fon
ts/type1/public/nanumtype1/nanumgtmb8.pfb><C:/Users/angpa/AppData/Local/Program
s/MiKTeX/fonts/type1/public/nanumtype1/nanumgtmb9.pfb><C:/Users/angpa/AppData/L
ocal/Programs/MiKTeX/fonts/type1/public/nanumtype1/nanumgtmba.pfb><C:/Users/ang
pa/AppData/Local/Programs/MiKTeX/fonts/type1/public/nanumtype1/nanumgtmbb.pfb><
C:/Users/angpa/AppData/Local/Programs/MiKTeX/fonts/type1/public/nanumtype1/nanu
mgtmbc.pfb><C:/Users/angpa/AppData/Local/Programs/MiKTeX/fonts/type1/public/nan
umtype1/nanumgtmbd.pfb><C:/Users/angpa/AppData/Local/Programs/MiKTeX/fonts/type
1/public/nanumtype1/nanumgtmbe.pfb><C:/Users/angpa/AppData/Local/Programs/MiKTe
X/fonts/type1/public/nanumtype1/nanumgtmc0.pfb><C:/Users/angpa/AppData/Local/Pr
ograms/MiKTeX/fonts/type1/public/nanumtype1/nanumgtmc1.pfb><C:/Users/angpa/AppD
ata/Local/Programs/MiKTeX/fonts/type1/public/nanumtype1/nanumgtmc2.pfb><C:/User
s/angpa/AppData/Local/Programs/MiKTeX/fonts/type1/public/nanumtype1/nanumgtmc4.
pfb><C:/Users/angpa/AppData/Local/Programs/MiKTeX/fonts/type1/public/nanumtype1
/nanumgtmc5.pfb><C:/Users/angpa/AppData/Local/Programs/MiKTeX/fonts/type1/publi
c/nanumtype1/nanumgtmc6.pfb><C:/Users/angpa/AppData/Local/Programs/MiKTeX/fonts
/type1/public/nanumtype1/nanumgtmc7.pfb><C:/Users/angpa/AppData/Local/Programs/
MiKTeX/fonts/type1/public/nanumtype1/nanumgtmc8.pfb><C:/Users/angpa/AppData/Loc
al/Programs/MiKTeX/fonts/type1/public/nanumtype1/nanumgtmc9.pfb><C:/Users/angpa
/AppData/Local/Programs/MiKTeX/fonts/type1/public/nanumtype1/nanumgtmcc.pfb><C:
/Users/angpa/AppData/Local/Programs/MiKTeX/fonts/type1/public/nanumtype1/nanumg
tmcd.pfb><C:/Users/angpa/AppData/Local/Programs/MiKTeX/fonts/type1/public/nanum
type1/nanumgtmce.pfb><C:/Users/angpa/AppData/Local/Programs/MiKTeX/fonts/type1/
public/nanumtype1/nanumgtmcf.pfb><C:/Users/angpa/AppData/Local/Programs/MiKTeX/
fonts/type1/public/nanumtype1/nanumgtmd0.pfb><C:/Users/angpa/AppData/Local/Prog
rams/MiKTeX/fonts/type1/public/nanumtype1/nanumgtmd1.pfb><C:/Users/angpa/AppDat
a/Local/Programs/MiKTeX/fonts/type1/public/nanumtype1/nanumgtmd2.pfb><C:/Users/
angpa/AppData/Local/Programs/MiKTeX/fonts/type1/public/nanumtype1/nanumgtmd3.pf
b><C:/Users/angpa/AppData/Local/Programs/MiKTeX/fonts/type1/public/nanumtype1/n
anumgtmd4.pfb><C:/Users/angpa/AppData/Local/Programs/MiKTeX/fonts/type1/public/
nanumtype1/nanumgtmd5.pfb><C:/Users/angpa/AppData/Local/Programs/MiKTeX/fonts/t
ype1/public/nanumtype1/nanumgtmd6.pfb><C:/Users/angpa/AppData/Local/Programs/Mi
KTeX/fonts/type1/public/nanumtype1/nanumgtmd7.pfb><C:/Users/angpa/AppData/Local
/Programs/MiKTeX/fonts/type1/public/nanumtype1/nanummjbac.pfb><C:/Users/angpa/A
ppData/Local/Programs/MiKTeX/fonts/type1/public/nanumtype1/nanummjbad.pfb><C:/U
sers/angpa/AppData/Local/Programs/MiKTeX/fonts/type1/public/nanumtype1/nanummjb
ae.pfb><C:/Users/angpa/AppData/Local/Programs/MiKTeX/fonts/type1/public/nanumty
pe1/nanummjbb0.pfb><C:/Users/angpa/AppData/Local/Programs/MiKTeX/fonts/type1/pu
blic/nanumtype1/nanummjbb1.pfb><C:/Users/angpa/AppData/Local/Programs/MiKTeX/fo
nts/type1/public/nanumtype1/nanummjbb2.pfb><C:/Users/angpa/AppData/Local/Progra
ms/MiKTeX/fonts/type1/public/nanumtype1/nanummjbb3.pfb><C:/Users/angpa/AppData/
Local/Programs/MiKTeX/fonts/type1/public/nanumtype1/nanummjbb4.pfb><C:/Users/an
gpa/AppData/Local/Programs/MiKTeX/fonts/type1/public/nanumtype1/nanummjbb5.pfb>
<C:/Users/angpa/AppData/Local/Programs/MiKTeX/fonts/type1/public/nanumtype1/nan
ummjbb6.pfb><C:/Users/angpa/AppData/Local/Programs/MiKTeX/fonts/type1/public/na
numtype1/nanummjbb7.pfb><C:/Users/angpa/AppData/Local/Programs/MiKTeX/fonts/typ
e1/public/nanumtype1/nanummjbb8.pfb><C:/Users/angpa/AppData/Local/Programs/MiKT
eX/fonts/type1/public/nanumtype1/nanummjbb9.pfb><C:/Users/angpa/AppData/Local/P
rograms/MiKTeX/fonts/type1/public/nanumtype1/nanummjbba.pfb><C:/Users/angpa/App
Data/Local/Programs/MiKTeX/fonts/type1/public/nanumtype1/nanummjbbb.pfb><C:/Use
rs/angpa/AppData/Local/Programs/MiKTeX/fonts/type1/public/nanumtype1/nanummjbbc
.pfb><C:/Users/angpa/AppData/Local/Programs/MiKTeX/fonts/type1/public/nanumtype
1/nanummjbbd.pfb><C:/Users/angpa/AppData/Local/Programs/MiKTeX/fonts/type1/publ
ic/nanumtype1/nanummjbbe.pfb><C:/Users/angpa/AppData/Local/Programs/MiKTeX/font
s/type1/public/nanumtype1/nanummjbc0.pfb><C:/Users/angpa/AppData/Local/Programs
/MiKTeX/fonts/type1/public/nanumtype1/nanummjbc1.pfb><C:/Users/angpa/AppData/Lo
cal/Programs/MiKTeX/fonts/type1/public/nanumtype1/nanummjbc2.pfb><C:/Users/angp
a/AppData/Local/Programs/MiKTeX/fonts/type1/public/nanumtype1/nanummjbc5.pfb><C
:/Users/angpa/AppData/Local/Programs/MiKTeX/fonts/type1/public/nanumtype1/nanum
mjbc6.pfb><C:/Users/angpa/AppData/Local/Programs/MiKTeX/fonts/type1/public/nanu
mtype1/nanummjbc7.pfb><C:/Users/angpa/AppData/Local/Programs/MiKTeX/fonts/type1
/public/nanumtype1/nanummjbc8.pfb><C:/Users/angpa/AppData/Local/Programs/MiKTeX
/fonts/type1/public/nanumtype1/nanummjbc9.pfb><C:/Users/angpa/AppData/Local/Pro
grams/MiKTeX/fonts/type1/public/nanumtype1/nanummjbcc.pfb><C:/Users/angpa/AppDa
ta/Local/Programs/MiKTeX/fonts/type1/public/nanumtype1/nanummjbcd.pfb><C:/Users
/angpa/AppData/Local/Programs/MiKTeX/fonts/type1/public/nanumtype1/nanummjbce.p
fb><C:/Users/angpa/AppData/Local/Programs/MiKTeX/fonts/type1/public/nanumtype1/
nanummjbcf.pfb><C:/Users/angpa/AppData/Local/Programs/MiKTeX/fonts/type1/public
/nanumtype1/nanummjbd0.pfb><C:/Users/angpa/AppData/Local/Programs/MiKTeX/fonts/
type1/public/nanumtype1/nanummjbd1.pfb><C:/Users/angpa/AppData/Local/Programs/M
iKTeX/fonts/type1/public/nanumtype1/nanummjbd2.pfb><C:/Users/angpa/AppData/Loca
l/Programs/MiKTeX/fonts/type1/public/nanumtype1/nanummjbd3.pfb><C:/Users/angpa/
AppData/Local/Programs/MiKTeX/fonts/type1/public/nanumtype1/nanummjbd4.pfb><C:/
Users/angpa/AppData/Local/Programs/MiKTeX/fonts/type1/public/nanumtype1/nanummj
bd5.pfb><C:/Users/angpa/AppData/Local/Programs/MiKTeX/fonts/type1/public/nanumt
ype1/nanummjbd6.pfb><C:/Users/angpa/AppData/Local/Programs/MiKTeX/fonts/type1/p
ublic/nanumtype1/nanummjbd7.pfb><C:/Users/angpa/AppData/Local/Programs/MiKTeX/f
onts/type1/public/nanumtype1/nanummjmac.pfb><C:/Users/angpa/AppData/Local/Progr
ams/MiKTeX/fonts/type1/public/nanumtype1/nanummjmac.pfb><C:/Users/angpa/AppData
/Local/Programs/MiKTeX/fonts/type1/public/nanumtype1/nanummjmad.pfb><C:/Users/a
ngpa/AppData/Local/Programs/MiKTeX/fonts/type1/public/nanumtype1/nanummjmad.pfb
><C:/Users/angpa/AppData/Local/Programs/MiKTeX/fonts/type1/public/nanumtype1/na
nummjmae.pfb><C:/Users/angpa/AppData/Local/Programs/MiKTeX/fonts/type1/public/n
anumtype1/nanummjmae.pfb><C:/Users/angpa/AppData/Local/Programs/MiKTeX/fonts/ty
pe1/public/nanumtype1/nanummjmb0.pfb><C:/Users/angpa/AppData/Local/Programs/MiK
TeX/fonts/type1/public/nanumtype1/nanummjmb0.pfb><C:/Users/angpa/AppData/Local/
Programs/MiKTeX/fonts/type1/public/nanumtype1/nanummjmb1.pfb><C:/Users/angpa/Ap
pData/Local/Programs/MiKTeX/fonts/type1/public/nanumtype1/nanummjmb1.pfb><C:/Us
ers/angpa/AppData/Local/Programs/MiKTeX/fonts/type1/public/nanumtype1/nanummjmb
2.pfb><C:/Users/angpa/AppData/Local/Programs/MiKTeX/fonts/type1/public/nanumtyp
e1/nanummjmb2.pfb><C:/Users/angpa/AppData/Local/Programs/MiKTeX/fonts/type1/pub
lic/nanumtype1/nanummjmb3.pfb><C:/Users/angpa/AppData/Local/Programs/MiKTeX/fon
ts/type1/public/nanumtype1/nanummjmb3.pfb><C:/Users/angpa/AppData/Local/Program
s/MiKTeX/fonts/type1/public/nanumtype1/nanummjmb4.pfb><C:/Users/angpa/AppData/L
ocal/Programs/MiKTeX/fonts/type1/public/nanumtype1/nanummjmb4.pfb><C:/Users/ang
pa/AppData/Local/Programs/MiKTeX/fonts/type1/public/nanumtype1/nanummjmb5.pfb><
C:/Users/angpa/AppData/Local/Programs/MiKTeX/fonts/type1/public/nanumtype1/nanu
mmjmb6.pfb><C:/Users/angpa/AppData/Local/Programs/MiKTeX/fonts/type1/public/nan
umtype1/nanummjmb7.pfb><C:/Users/angpa/AppData/Local/Programs/MiKTeX/fonts/type
1/public/nanumtype1/nanummjmb7.pfb><C:/Users/angpa/AppData/Local/Programs/MiKTe
X/fonts/type1/public/nanumtype1/nanummjmb8.pfb><C:/Users/angpa/AppData/Local/Pr
ograms/MiKTeX/fonts/type1/public/nanumtype1/nanummjmb8.pfb><C:/Users/angpa/AppD
ata/Local/Programs/MiKTeX/fonts/type1/public/nanumtype1/nanummjmb9.pfb><C:/User
s/angpa/AppData/Local/Programs/MiKTeX/fonts/type1/public/nanumtype1/nanummjmb9.
pfb><C:/Users/angpa/AppData/Local/Programs/MiKTeX/fonts/type1/public/nanumtype1
/nanummjmba.pfb><C:/Users/angpa/AppData/Local/Programs/MiKTeX/fonts/type1/publi
c/nanumtype1/nanummjmbb.pfb><C:/Users/angpa/AppData/Local/Programs/MiKTeX/fonts
/type1/public/nanumtype1/nanummjmbb.pfb><C:/Users/angpa/AppData/Local/Programs/
MiKTeX/fonts/type1/public/nanumtype1/nanummjmbc.pfb><C:/Users/angpa/AppData/Loc
al/Programs/MiKTeX/fonts/type1/public/nanumtype1/nanummjmbc.pfb><C:/Users/angpa
/AppData/Local/Programs/MiKTeX/fonts/type1/public/nanumtype1/nanummjmbd.pfb><C:
/Users/angpa/AppData/Local/Programs/MiKTeX/fonts/type1/public/nanumtype1/nanumm
jmbd.pfb><C:/Users/angpa/AppData/Local/Programs/MiKTeX/fonts/type1/public/nanum
type1/nanummjmbe.pfb><C:/Users/angpa/AppData/Local/Programs/MiKTeX/fonts/type1/
public/nanumtype1/nanummjmbe.pfb><C:/Users/angpa/AppData/Local/Programs/MiKTeX/
fonts/type1/public/nanumtype1/nanummjmc0.pfb><C:/Users/angpa/AppData/Local/Prog
rams/MiKTeX/fonts/type1/public/nanumtype1/nanummjmc0.pfb><C:/Users/angpa/AppDat
a/Local/Programs/MiKTeX/fonts/type1/public/nanumtype1/nanummjmc1.pfb><C:/Users/
angpa/AppData/Local/Programs/MiKTeX/fonts/type1/public/nanumtype1/nanummjmc1.pf
b><C:/Users/angpa/AppData/Local/Programs/MiKTeX/fonts/type1/public/nanumtype1/n
anummjmc2.pfb><C:/Users/angpa/AppData/Local/Programs/MiKTeX/fonts/type1/public/
nanumtype1/nanummjmc2.pfb><C:/Users/angpa/AppData/Local/Programs/MiKTeX/fonts/t
ype1/public/nanumtype1/nanummjmc3.pfb><C:/Users/angpa/AppData/Local/Programs/Mi
KTeX/fonts/type1/public/nanumtype1/nanummjmc5.pfb><C:/Users/angpa/AppData/Local
/Programs/MiKTeX/fonts/type1/public/nanumtype1/nanummjmc5.pfb><C:/Users/angpa/A
ppData/Local/Programs/MiKTeX/fonts/type1/public/nanumtype1/nanummjmc6.pfb><C:/U
sers/angpa/AppData/Local/Programs/MiKTeX/fonts/type1/public/nanumtype1/nanummjm
c6.pfb><C:/Users/angpa/AppData/Local/Programs/MiKTeX/fonts/type1/public/nanumty
pe1/nanummjmc7.pfb><C:/Users/angpa/AppData/Local/Programs/MiKTeX/fonts/type1/pu
blic/nanumtype1/nanummjmc7.pfb><C:/Users/angpa/AppData/Local/Programs/MiKTeX/fo
nts/type1/public/nanumtype1/nanummjmc8.pfb><C:/Users/angpa/AppData/Local/Progra
ms/MiKTeX/fonts/type1/public/nanumtype1/nanummjmc8.pfb><C:/Users/angpa/AppData/
Local/Programs/MiKTeX/fonts/type1/public/nanumtype1/nanummjmc9.pfb><C:/Users/an
gpa/AppData/Local/Programs/MiKTeX/fonts/type1/public/nanumtype1/nanummjmc9.pfb>
<C:/Users/angpa/AppData/Local/Programs/MiKTeX/fonts/type1/public/nanumtype1/nan
ummjmcc.pfb><C:/Users/angpa/AppData/Local/Programs/MiKTeX/fonts/type1/public/na
numtype1/nanummjmcc.pfb><C:/Users/angpa/AppData/Local/Programs/MiKTeX/fonts/typ
e1/public/nanumtype1/nanummjmcd.pfb><C:/Users/angpa/AppData/Local/Programs/MiKT
eX/fonts/type1/public/nanumtype1/nanummjmcd.pfb><C:/Users/angpa/AppData/Local/P
rograms/MiKTeX/fonts/type1/public/nanumtype1/nanummjmce.pfb><C:/Users/angpa/App
Data/Local/Programs/MiKTeX/fonts/type1/public/nanumtype1/nanummjmce.pfb><C:/Use
rs/angpa/AppData/Local/Programs/MiKTeX/fonts/type1/public/nanumtype1/nanummjmcf
.pfb><C:/Users/angpa/AppData/Local/Programs/MiKTeX/fonts/type1/public/nanumtype
1/nanummjmd0.pfb><C:/Users/angpa/AppData/Local/Programs/MiKTeX/fonts/type1/publ
ic/nanumtype1/nanummjmd0.pfb><C:/Users/angpa/AppData/Local/Programs/MiKTeX/font
s/type1/public/nanumtype1/nanummjmd1.pfb><C:/Users/angpa/AppData/Local/Programs
/MiKTeX/fonts/type1/public/nanumtype1/nanummjmd2.pfb><C:/Users/angpa/AppData/Lo
cal/Programs/MiKTeX/fonts/type1/public/nanumtype1/nanummjmd2.pfb><C:/Users/angp
a/AppData/Local/Programs/MiKTeX/fonts/type1/public/nanumtype1/nanummjmd3.pfb><C
:/Users/angpa/AppData/Local/Programs/MiKTeX/fonts/type1/public/nanumtype1/nanum
mjmd3.pfb><C:/Users/angpa/AppData/Local/Programs/MiKTeX/fonts/type1/public/nanu
mtype1/nanummjmd4.pfb><C:/Users/angpa/AppData/Local/Programs/MiKTeX/fonts/type1
/public/nanumtype1/nanummjmd5.pfb><C:/Users/angpa/AppData/Local/Programs/MiKTeX
/fonts/type1/public/nanumtype1/nanummjmd5.pfb><C:/Users/angpa/AppData/Local/Pro
grams/MiKTeX/fonts/type1/public/nanumtype1/nanummjmd6.pfb><C:/Users/angpa/AppDa
ta/Local/Programs/MiKTeX/fonts/type1/public/nanumtype1/nanummjmd6.pfb><C:/Users
/angpa/AppData/Local/Programs/MiKTeX/fonts/type1/public/nanumtype1/nanummjmd7.p
fb><C:/Users/angpa/AppData/Local/Programs/MiKTeX/fonts/type1/public/nanumtype1/
nanummjmd7.pfb>
Output written on report_full_2.pdf (13 pages, 6379294 bytes).
PDF statistics:
 1045 PDF objects out of 1200 (max. 8388607)
 76 named destinations out of 1000 (max. 500000)
 21 words of extra memory for PDF output out of 10000 (max. 10000000)

